<?xml version="1.0" encoding="UTF-8"?>
<testsuite xmlns:xsi="http://www.w3.org/2001/XMLSchema-instance" xsi:noNamespaceSchemaLocation="https://maven.apache.org/surefire/maven-surefire-plugin/xsd/surefire-test-report-3.0.xsd" version="3.0" name="com.tharaka.ds.cw.AppTest" time="0.015" tests="1" errors="0" skipped="0" failures="0">
  <properties>
    <property name="gopherProxySet" value="false"/>
    <property name="awt.toolkit" value="sun.lwawt.macosx.LWCToolkit"/>
    <property name="java.specification.version" value="11"/>
    <property name="sun.cpu.isalist" value=""/>
    <property name="sun.jnu.encoding" value="UTF-8"/>
    <property name="java.class.path" value="/Users/tharakarehan/Desktop/MSc-IIT/CDS/CW2/distributed-system-cw/reservation-client/target/test-classes:/Users/tharakarehan/Desktop/MSc-IIT/CDS/CW2/distributed-system-cw/reservation-client/target/classes:/Users/tharakarehan/.m2/repository/junit/junit/3.8.1/junit-3.8.1.jar:/Users/tharakarehan/.m2/repository/io/grpc/grpc-netty/1.36.0/grpc-netty-1.36.0.jar:/Users/tharakarehan/.m2/repository/io/grpc/grpc-core/1.36.0/grpc-core-1.36.0.jar:/Users/tharakarehan/.m2/repository/com/google/code/gson/gson/2.8.6/gson-2.8.6.jar:/Users/tharakarehan/.m2/repository/com/google/android/annotations/4.1.1.4/annotations-4.1.1.4.jar:/Users/tharakarehan/.m2/repository/io/netty/netty-codec-http2/4.1.52.Final/netty-codec-http2-4.1.52.Final.jar:/Users/tharakarehan/.m2/repository/io/netty/netty-common/4.1.52.Final/netty-common-4.1.52.Final.jar:/Users/tharakarehan/.m2/repository/io/netty/netty-buffer/4.1.52.Final/netty-buffer-4.1.52.Final.jar:/Users/tharakarehan/.m2/repository/io/netty/netty-transport/4.1.52.Final/netty-transport-4.1.52.Final.jar:/Users/tharakarehan/.m2/repository/io/netty/netty-resolver/4.1.52.Final/netty-resolver-4.1.52.Final.jar:/Users/tharakarehan/.m2/repository/io/netty/netty-codec/4.1.52.Final/netty-codec-4.1.52.Final.jar:/Users/tharakarehan/.m2/repository/io/netty/netty-handler/4.1.52.Final/netty-handler-4.1.52.Final.jar:/Users/tharakarehan/.m2/repository/io/netty/netty-codec-http/4.1.52.Final/netty-codec-http-4.1.52.Final.jar:/Users/tharakarehan/.m2/repository/io/netty/netty-handler-proxy/4.1.52.Final/netty-handler-proxy-4.1.52.Final.jar:/Users/tharakarehan/.m2/repository/io/netty/netty-codec-socks/4.1.52.Final/netty-codec-socks-4.1.52.Final.jar:/Users/tharakarehan/.m2/repository/com/google/guava/guava/30.0-android/guava-30.0-android.jar:/Users/tharakarehan/.m2/repository/com/google/guava/failureaccess/1.0.1/failureaccess-1.0.1.jar:/Users/tharakarehan/.m2/repository/com/google/guava/listenablefuture/9999.0-empty-to-avoid-conflict-with-guava/listenablefuture-9999.0-empty-to-avoid-conflict-with-guava.jar:/Users/tharakarehan/.m2/repository/org/checkerframework/checker-compat-qual/2.5.5/checker-compat-qual-2.5.5.jar:/Users/tharakarehan/.m2/repository/com/google/j2objc/j2objc-annotations/1.3/j2objc-annotations-1.3.jar:/Users/tharakarehan/.m2/repository/com/google/errorprone/error_prone_annotations/2.4.0/error_prone_annotations-2.4.0.jar:/Users/tharakarehan/.m2/repository/io/perfmark/perfmark-api/0.23.0/perfmark-api-0.23.0.jar:/Users/tharakarehan/.m2/repository/org/codehaus/mojo/animal-sniffer-annotations/1.19/animal-sniffer-annotations-1.19.jar:/Users/tharakarehan/.m2/repository/com/google/code/findbugs/jsr305/3.0.2/jsr305-3.0.2.jar:/Users/tharakarehan/.m2/repository/io/grpc/grpc-protobuf/1.36.0/grpc-protobuf-1.36.0.jar:/Users/tharakarehan/.m2/repository/io/grpc/grpc-api/1.36.0/grpc-api-1.36.0.jar:/Users/tharakarehan/.m2/repository/io/grpc/grpc-context/1.36.0/grpc-context-1.36.0.jar:/Users/tharakarehan/.m2/repository/com/google/protobuf/protobuf-java/3.12.0/protobuf-java-3.12.0.jar:/Users/tharakarehan/.m2/repository/com/google/api/grpc/proto-google-common-protos/2.0.1/proto-google-common-protos-2.0.1.jar:/Users/tharakarehan/.m2/repository/io/grpc/grpc-protobuf-lite/1.36.0/grpc-protobuf-lite-1.36.0.jar:/Users/tharakarehan/.m2/repository/io/grpc/grpc-stub/1.36.0/grpc-stub-1.36.0.jar:/Users/tharakarehan/.m2/repository/javax/annotation/javax.annotation-api/1.3.2/javax.annotation-api-1.3.2.jar:"/>
    <property name="java.vm.vendor" value="Oracle Corporation"/>
    <property name="sun.arch.data.model" value="64"/>
    <property name="java.vendor.url" value="https://openjdk.java.net/"/>
    <property name="user.timezone" value=""/>
    <property name="java.vm.specification.version" value="11"/>
    <property name="os.name" value="Mac OS X"/>
    <property name="sun.java.launcher" value="SUN_STANDARD"/>
    <property name="user.country" value="LK"/>
    <property name="sun.boot.library.path" value="/Library/Java/JavaVirtualMachines/jdk-11.jdk/Contents/Home/lib"/>
    <property name="sun.java.command" value="/Users/tharakarehan/Desktop/MSc-IIT/CDS/CW2/distributed-system-cw/reservation-client/target/surefire/surefirebooter-20240506130617473_3.jar /Users/tharakarehan/Desktop/MSc-IIT/CDS/CW2/distributed-system-cw/reservation-client/target/surefire 2024-05-06T13-06-17_386-jvmRun1 surefire-20240506130617473_1tmp surefire_0-20240506130617473_2tmp"/>
    <property name="http.nonProxyHosts" value="local|*.local|169.254/16|*.169.254/16"/>
    <property name="jdk.debug" value="release"/>
    <property name="surefire.test.class.path" value="/Users/tharakarehan/Desktop/MSc-IIT/CDS/CW2/distributed-system-cw/reservation-client/target/test-classes:/Users/tharakarehan/Desktop/MSc-IIT/CDS/CW2/distributed-system-cw/reservation-client/target/classes:/Users/tharakarehan/.m2/repository/junit/junit/3.8.1/junit-3.8.1.jar:/Users/tharakarehan/.m2/repository/io/grpc/grpc-netty/1.36.0/grpc-netty-1.36.0.jar:/Users/tharakarehan/.m2/repository/io/grpc/grpc-core/1.36.0/grpc-core-1.36.0.jar:/Users/tharakarehan/.m2/repository/com/google/code/gson/gson/2.8.6/gson-2.8.6.jar:/Users/tharakarehan/.m2/repository/com/google/android/annotations/4.1.1.4/annotations-4.1.1.4.jar:/Users/tharakarehan/.m2/repository/io/netty/netty-codec-http2/4.1.52.Final/netty-codec-http2-4.1.52.Final.jar:/Users/tharakarehan/.m2/repository/io/netty/netty-common/4.1.52.Final/netty-common-4.1.52.Final.jar:/Users/tharakarehan/.m2/repository/io/netty/netty-buffer/4.1.52.Final/netty-buffer-4.1.52.Final.jar:/Users/tharakarehan/.m2/repository/io/netty/netty-transport/4.1.52.Final/netty-transport-4.1.52.Final.jar:/Users/tharakarehan/.m2/repository/io/netty/netty-resolver/4.1.52.Final/netty-resolver-4.1.52.Final.jar:/Users/tharakarehan/.m2/repository/io/netty/netty-codec/4.1.52.Final/netty-codec-4.1.52.Final.jar:/Users/tharakarehan/.m2/repository/io/netty/netty-handler/4.1.52.Final/netty-handler-4.1.52.Final.jar:/Users/tharakarehan/.m2/repository/io/netty/netty-codec-http/4.1.52.Final/netty-codec-http-4.1.52.Final.jar:/Users/tharakarehan/.m2/repository/io/netty/netty-handler-proxy/4.1.52.Final/netty-handler-proxy-4.1.52.Final.jar:/Users/tharakarehan/.m2/repository/io/netty/netty-codec-socks/4.1.52.Final/netty-codec-socks-4.1.52.Final.jar:/Users/tharakarehan/.m2/repository/com/google/guava/guava/30.0-android/guava-30.0-android.jar:/Users/tharakarehan/.m2/repository/com/google/guava/failureaccess/1.0.1/failureaccess-1.0.1.jar:/Users/tharakarehan/.m2/repository/com/google/guava/listenablefuture/9999.0-empty-to-avoid-conflict-with-guava/listenablefuture-9999.0-empty-to-avoid-conflict-with-guava.jar:/Users/tharakarehan/.m2/repository/org/checkerframework/checker-compat-qual/2.5.5/checker-compat-qual-2.5.5.jar:/Users/tharakarehan/.m2/repository/com/google/j2objc/j2objc-annotations/1.3/j2objc-annotations-1.3.jar:/Users/tharakarehan/.m2/repository/com/google/errorprone/error_prone_annotations/2.4.0/error_prone_annotations-2.4.0.jar:/Users/tharakarehan/.m2/repository/io/perfmark/perfmark-api/0.23.0/perfmark-api-0.23.0.jar:/Users/tharakarehan/.m2/repository/org/codehaus/mojo/animal-sniffer-annotations/1.19/animal-sniffer-annotations-1.19.jar:/Users/tharakarehan/.m2/repository/com/google/code/findbugs/jsr305/3.0.2/jsr305-3.0.2.jar:/Users/tharakarehan/.m2/repository/io/grpc/grpc-protobuf/1.36.0/grpc-protobuf-1.36.0.jar:/Users/tharakarehan/.m2/repository/io/grpc/grpc-api/1.36.0/grpc-api-1.36.0.jar:/Users/tharakarehan/.m2/repository/io/grpc/grpc-context/1.36.0/grpc-context-1.36.0.jar:/Users/tharakarehan/.m2/repository/com/google/protobuf/protobuf-java/3.12.0/protobuf-java-3.12.0.jar:/Users/tharakarehan/.m2/repository/com/google/api/grpc/proto-google-common-protos/2.0.1/proto-google-common-protos-2.0.1.jar:/Users/tharakarehan/.m2/repository/io/grpc/grpc-protobuf-lite/1.36.0/grpc-protobuf-lite-1.36.0.jar:/Users/tharakarehan/.m2/repository/io/grpc/grpc-stub/1.36.0/grpc-stub-1.36.0.jar:/Users/tharakarehan/.m2/repository/javax/annotation/javax.annotation-api/1.3.2/javax.annotation-api-1.3.2.jar:"/>
    <property name="sun.cpu.endian" value="little"/>
    <property name="user.home" value="/Users/tharakarehan"/>
    <property name="user.language" value="en"/>
    <property name="java.specification.vendor" value="Oracle Corporation"/>
    <property name="java.version.date" value="2024-04-16"/>
    <property name="java.home" value="/Library/Java/JavaVirtualMachines/jdk-11.jdk/Contents/Home"/>
    <property name="file.separator" value="/"/>
    <property name="basedir" value="/Users/tharakarehan/Desktop/MSc-IIT/CDS/CW2/distributed-system-cw/reservation-client"/>
    <property name="java.vm.compressedOopsMode" value="Zero based"/>
    <property name="line.separator" value="&#10;"/>
    <property name="java.specification.name" value="Java Platform API Specification"/>
    <property name="java.vm.specification.vendor" value="Oracle Corporation"/>
    <property name="java.awt.graphicsenv" value="sun.awt.CGraphicsEnvironment"/>
    <property name="surefire.real.class.path" value="/Users/tharakarehan/Desktop/MSc-IIT/CDS/CW2/distributed-system-cw/reservation-client/target/surefire/surefirebooter-20240506130617473_3.jar"/>
    <property name="sun.management.compiler" value="HotSpot 64-Bit Tiered Compilers"/>
    <property name="ftp.nonProxyHosts" value="local|*.local|169.254/16|*.169.254/16"/>
    <property name="java.runtime.version" value="11.0.23+7-LTS-222"/>
    <property name="user.name" value="tharakarehan"/>
    <property name="path.separator" value=":"/>
    <property name="os.version" value="12.6.8"/>
    <property name="java.runtime.name" value="Java(TM) SE Runtime Environment"/>
    <property name="file.encoding" value="UTF-8"/>
    <property name="java.vm.name" value="Java HotSpot(TM) 64-Bit Server VM"/>
    <property name="java.vendor.version" value="18.9"/>
    <property name="localRepository" value="/Users/tharakarehan/.m2/repository"/>
    <property name="java.vendor.url.bug" value="https://bugreport.java.com/bugreport/"/>
    <property name="java.io.tmpdir" value="/var/folders/qn/w8tt498d6_lb7z7q1xld25p00000gn/T/"/>
    <property name="java.version" value="11.0.23"/>
    <property name="user.dir" value="/Users/tharakarehan/Desktop/MSc-IIT/CDS/CW2/distributed-system-cw/reservation-client"/>
    <property name="os.arch" value="x86_64"/>
    <property name="java.vm.specification.name" value="Java Virtual Machine Specification"/>
    <property name="java.awt.printerjob" value="sun.lwawt.macosx.CPrinterJob"/>
    <property name="sun.os.patch.level" value="unknown"/>
    <property name="java.library.path" value="/Users/tharakarehan/Library/Java/Extensions:/Library/Java/Extensions:/Network/Library/Java/Extensions:/System/Library/Java/Extensions:/usr/lib/java:."/>
    <property name="java.vendor" value="Oracle Corporation"/>
    <property name="java.vm.info" value="mixed mode"/>
    <property name="java.vm.version" value="11.0.23+7-LTS-222"/>
    <property name="java.specification.maintenance.version" value="2"/>
    <property name="sun.io.unicode.encoding" value="UnicodeBig"/>
    <property name="java.class.version" value="55.0"/>
    <property name="socksNonProxyHosts" value="local|*.local|169.254/16|*.169.254/16"/>
  </properties>
  <testcase name="testApp" classname="com.tharaka.ds.cw.AppTest" time="0.003"/>
</testsuite>